<?xml version="1.0" encoding="UTF-8"?>
<testng-results ignored="0" total="1" passed="1" failed="0" skipped="0">
  <reporter-output>
  </reporter-output>
  <suite started-at="2024-07-17T11:19:30 IST" name="Default suite" finished-at="2024-07-17T11:19:35 IST" duration-ms="5569">
    <groups>
    </groups>
    <test started-at="2024-07-17T11:19:30 IST" name="Default test" finished-at="2024-07-17T11:19:35 IST" duration-ms="5569">
      <class name="Git.Git">
        <test-method signature="GitM()[pri:0, instance:Git.Git@5e600dd5]" started-at="2024-07-17T11:19:30 IST" name="GitM" finished-at="2024-07-17T11:19:35 IST" duration-ms="5520" status="PASS">
          <reporter-output>
          </reporter-output>
        </test-method> <!-- GitM -->
      </class> <!-- Git.Git -->
    </test> <!-- Default test -->
  </suite> <!-- Default suite -->
</testng-results>
